[ +474 ms] Unable to locate an Android SDK.
[   +7 ms] Artifact Instance of 'MaterialFonts' is not required, skipping update.
[        ] Artifact Instance of 'GradleWrapper' is not required, skipping update.
[        ] Artifact Instance of 'AndroidGenSnapshotArtifacts' is not required, skipping update.
[        ] Artifact Instance of 'AndroidInternalBuildArtifacts' is not required, skipping update.
[        ] Artifact Instance of 'IOSEngineArtifacts' is not required, skipping update.
[        ] Artifact Instance of 'FlutterWebSdk' is not required, skipping update.
[        ] Artifact Instance of 'LegacyCanvasKitRemover' is not required, skipping update.
[        ] Artifact Instance of 'FlutterSdk' is not required, skipping update.
[        ] Artifact Instance of 'WindowsEngineArtifacts' is not required, skipping update.
[        ] Artifact Instance of 'MacOSEngineArtifacts' is not required, skipping update.
[        ] Artifact Instance of 'LinuxEngineArtifacts' is not required, skipping update.
[        ] Artifact Instance of 'LinuxFuchsiaSDKArtifacts' is not required, skipping update.
[        ] Artifact Instance of 'MacOSFuchsiaSDKArtifacts' is not required, skipping update.
[        ] Artifact Instance of 'FlutterRunnerSDKArtifacts' is not required, skipping update.
[        ] Artifact Instance of 'FlutterRunnerDebugSymbols' is not required, skipping update.
[        ] Artifact Instance of 'IosUsbArtifacts' is not required, skipping update.
[        ] Artifact Instance of 'IosUsbArtifacts' is not required, skipping update.
[        ] Artifact Instance of 'IosUsbArtifacts' is not required, skipping update.
[        ] Artifact Instance of 'IosUsbArtifacts' is not required, skipping update.
[        ] Artifact Instance of 'IosUsbArtifacts' is not required, skipping update.
[        ] Artifact Instance of 'IosUsbArtifacts' is not required, skipping update.
[        ] Artifact Instance of 'FontSubsetArtifacts' is not required, skipping update.
[        ] Artifact Instance of 'PubDependencies' is not required, skipping update.
[   +1 ms] executing: [C:\Users\NAGA HARSHITH\Downloads\flutter_windows_3.41.2-stable\flutter/] git -c log.showSignature=false log HEAD -n 1 --pretty=format:%ad --date=iso
[ +185 ms] Exit code 0 from: git -c log.showSignature=false log HEAD -n 1 --pretty=format:%ad --date=iso
[        ] 2026-02-18 13:54:59 -0800
[  +11 ms] Artifact Instance of 'AndroidGenSnapshotArtifacts' is not required, skipping update.
[        ] Artifact Instance of 'AndroidInternalBuildArtifacts' is not required, skipping update.
[        ] Artifact Instance of 'IOSEngineArtifacts' is not required, skipping update.
[        ] Artifact Instance of 'FlutterWebSdk' is not required, skipping update.
[        ] Artifact Instance of 'FlutterEngineStamp' is not required, skipping update.
[        ] Artifact Instance of 'LegacyCanvasKitRemover' is not required, skipping update.
[   +1 ms] Artifact Instance of 'WindowsEngineArtifacts' is not required, skipping update.
[        ] Artifact Instance of 'MacOSEngineArtifacts' is not required, skipping update.
[        ] Artifact Instance of 'LinuxEngineArtifacts' is not required, skipping update.
[        ] Artifact Instance of 'LinuxFuchsiaSDKArtifacts' is not required, skipping update.
[        ] Artifact Instance of 'MacOSFuchsiaSDKArtifacts' is not required, skipping update.
[        ] Artifact Instance of 'FlutterRunnerSDKArtifacts' is not required, skipping update.
[        ] Artifact Instance of 'FlutterRunnerDebugSymbols' is not required, skipping update.
[  +30 ms] Artifact Instance of 'MaterialFonts' is not required, skipping update.
[        ] Artifact Instance of 'GradleWrapper' is not required, skipping update.
[        ] Artifact Instance of 'AndroidGenSnapshotArtifacts' is not required, skipping update.
[        ] Artifact Instance of 'AndroidInternalBuildArtifacts' is not required, skipping update.
[        ] Artifact Instance of 'IOSEngineArtifacts' is not required, skipping update.
[        ] Artifact Instance of 'FlutterWebSdk' is not required, skipping update.
[        ] Artifact Instance of 'FlutterEngineStamp' is not required, skipping update.
[        ] Artifact Instance of 'LegacyCanvasKitRemover' is not required, skipping update.
[        ] Artifact Instance of 'FlutterSdk' is not required, skipping update.
[   +1 ms] Artifact Instance of 'MacOSEngineArtifacts' is not required, skipping update.
[        ] Artifact Instance of 'LinuxEngineArtifacts' is not required, skipping update.
[        ] Artifact Instance of 'LinuxFuchsiaSDKArtifacts' is not required, skipping update.
[        ] Artifact Instance of 'MacOSFuchsiaSDKArtifacts' is not required, skipping update.
[        ] Artifact Instance of 'FlutterRunnerSDKArtifacts' is not required, skipping update.
[        ] Artifact Instance of 'FlutterRunnerDebugSymbols' is not required, skipping update.
[        ] Artifact Instance of 'IosUsbArtifacts' is not required, skipping update.
[        ] Artifact Instance of 'IosUsbArtifacts' is not required, skipping update.
[        ] Artifact Instance of 'IosUsbArtifacts' is not required, skipping update.
[        ] Artifact Instance of 'IosUsbArtifacts' is not required, skipping update.
[        ] Artifact Instance of 'IosUsbArtifacts' is not required, skipping update.
[        ] Artifact Instance of 'IosUsbArtifacts' is not required, skipping update.
[        ] Artifact Instance of 'FontSubsetArtifacts' is not required, skipping update.
[        ] Artifact Instance of 'PubDependencies' is not required, skipping update.
[  +13 ms] executing: [C:\Users\NAGA HARSHITH\OneDrive\Desktop\flow\workflow-core\apps\windows_client/] C:\Users\NAGA HARSHITH\Downloads\flutter_windows_3.41.2-stable\flutter\bin\cache\dart-sdk\bin\dart pub --suppress-analytics --directory . get --example
Resolving dependencies...
Downloading packages...
  camera_android_camerax 0.6.30 (0.7.0+1 available)
  camera_avfoundation 0.9.23+2 (0.10.0+2 available)
  device_info_plus 10.1.2 (12.3.0 available)
  fl_chart 0.69.2 (1.1.1 available)
  flutter_lints 5.0.0 (6.0.0 available)
  flutter_secure_storage 9.2.4 (10.0.0 available)
  flutter_secure_storage_linux 1.2.3 (3.0.0 available)
  flutter_secure_storage_macos 3.1.3 (4.0.0 available)
  flutter_secure_storage_platform_interface 1.1.2 (2.0.1 available)
  flutter_secure_storage_web 1.2.1 (2.1.0 available)
  flutter_secure_storage_windows 3.1.2 (4.1.0 available)
  js 0.6.7 (0.7.2 available)
  lints 5.1.1 (6.1.0 available)
  meta 1.17.0 (1.18.1 available)
  package_info_plus 8.3.1 (9.0.0 available)
  win32_registry 1.1.5 (2.1.0 available)
Got dependencies!
16 packages have newer versions incompatible with dependency constraints.
Try `flutter pub outdated` for more information.
[ +455 ms] Found plugin package_info_plus at C:\Users\NAGA HARSHITH\AppData\Local\Pub\Cache\hosted\pub.dev\package_info_plus-8.3.1\
[  +18 ms] Found plugin onnxruntime at C:\Users\NAGA HARSHITH\AppData\Local\Pub\Cache\hosted\pub.dev\onnxruntime-1.4.1\
[   +7 ms] Found plugin flutter_secure_storage at C:\Users\NAGA HARSHITH\AppData\Local\Pub\Cache\hosted\pub.dev\flutter_secure_storage-9.2.4\
[   +1 ms] Found plugin flutter_secure_storage_windows at C:\Users\NAGA HARSHITH\AppData\Local\Pub\Cache\hosted\pub.dev\flutter_secure_storage_windows-3.1.2\
[   +2 ms] Found plugin path_provider at C:\Users\NAGA HARSHITH\AppData\Local\Pub\Cache\hosted\pub.dev\path_provider-2.1.5\
[   +1 ms] Found plugin path_provider_windows at C:\Users\NAGA HARSHITH\AppData\Local\Pub\Cache\hosted\pub.dev\path_provider_windows-2.3.0\
[   +4 ms] Found plugin path_provider_linux at C:\Users\NAGA HARSHITH\AppData\Local\Pub\Cache\hosted\pub.dev\path_provider_linux-2.2.1\
[   +2 ms] Found plugin path_provider_foundation at C:\Users\NAGA HARSHITH\AppData\Local\Pub\Cache\hosted\pub.dev\path_provider_foundation-2.6.0\
[  +14 ms] Found plugin path_provider_android at C:\Users\NAGA HARSHITH\AppData\Local\Pub\Cache\hosted\pub.dev\path_provider_android-2.2.22\
[   +2 ms] Found plugin flutter_secure_storage_web at C:\Users\NAGA HARSHITH\AppData\Local\Pub\Cache\hosted\pub.dev\flutter_secure_storage_web-1.2.1\
[   +1 ms] Found plugin flutter_secure_storage_macos at C:\Users\NAGA HARSHITH\AppData\Local\Pub\Cache\hosted\pub.dev\flutter_secure_storage_macos-3.1.3\
[   +1 ms] Found plugin flutter_secure_storage_linux at C:\Users\NAGA HARSHITH\AppData\Local\Pub\Cache\hosted\pub.dev\flutter_secure_storage_linux-1.2.3\
[   +2 ms] Found plugin flutter_inactive_timer at C:\Users\NAGA HARSHITH\AppData\Local\Pub\Cache\hosted\pub.dev\flutter_inactive_timer-1.1.3\
[   +6 ms] Found plugin device_info_plus at C:\Users\NAGA HARSHITH\AppData\Local\Pub\Cache\hosted\pub.dev\device_info_plus-10.1.2\
[   +5 ms] Found plugin camera_windows at C:\Users\NAGA HARSHITH\AppData\Local\Pub\Cache\hosted\pub.dev\camera_windows-0.2.6+4\
[   +3 ms] Found plugin camera at C:\Users\NAGA HARSHITH\AppData\Local\Pub\Cache\hosted\pub.dev\camera-0.11.4\
[        ] Found plugin flutter_plugin_android_lifecycle at C:\Users\NAGA HARSHITH\AppData\Local\Pub\Cache\hosted\pub.dev\flutter_plugin_android_lifecycle-2.0.33\
[        ] Found plugin camera_web at C:\Users\NAGA HARSHITH\AppData\Local\Pub\Cache\hosted\pub.dev\camera_web-0.3.5+3\
[        ] Found plugin camera_avfoundation at C:\Users\NAGA HARSHITH\AppData\Local\Pub\Cache\hosted\pub.dev\camera_avfoundation-0.9.23+2\
[        ] Found plugin camera_android_camerax at C:\Users\NAGA HARSHITH\AppData\Local\Pub\Cache\hosted\pub.dev\camera_android_camerax-0.6.30\
[  +33 ms] Found plugin package_info_plus at C:\Users\NAGA HARSHITH\AppData\Local\Pub\Cache\hosted\pub.dev\package_info_plus-8.3.1\
[   +6 ms] Found plugin onnxruntime at C:\Users\NAGA HARSHITH\AppData\Local\Pub\Cache\hosted\pub.dev\onnxruntime-1.4.1\
[   +4 ms] Found plugin flutter_secure_storage at C:\Users\NAGA HARSHITH\AppData\Local\Pub\Cache\hosted\pub.dev\flutter_secure_storage-9.2.4\
[   +1 ms] Found plugin flutter_secure_storage_windows at C:\Users\NAGA HARSHITH\AppData\Local\Pub\Cache\hosted\pub.dev\flutter_secure_storage_windows-3.1.2\
[   +1 ms] Found plugin path_provider at C:\Users\NAGA HARSHITH\AppData\Local\Pub\Cache\hosted\pub.dev\path_provider-2.1.5\
[        ] Found plugin path_provider_windows at C:\Users\NAGA HARSHITH\AppData\Local\Pub\Cache\hosted\pub.dev\path_provider_windows-2.3.0\
[   +2 ms] Found plugin path_provider_linux at C:\Users\NAGA HARSHITH\AppData\Local\Pub\Cache\hosted\pub.dev\path_provider_linux-2.2.1\
[   +1 ms] Found plugin path_provider_foundation at C:\Users\NAGA HARSHITH\AppData\Local\Pub\Cache\hosted\pub.dev\path_provider_foundation-2.6.0\
[   +6 ms] Found plugin path_provider_android at C:\Users\NAGA HARSHITH\AppData\Local\Pub\Cache\hosted\pub.dev\path_provider_android-2.2.22\
[   +1 ms] Found plugin flutter_secure_storage_web at C:\Users\NAGA HARSHITH\AppData\Local\Pub\Cache\hosted\pub.dev\flutter_secure_storage_web-1.2.1\
[   +1 ms] Found plugin flutter_secure_storage_macos at C:\Users\NAGA HARSHITH\AppData\Local\Pub\Cache\hosted\pub.dev\flutter_secure_storage_macos-3.1.3\
[        ] Found plugin flutter_secure_storage_linux at C:\Users\NAGA HARSHITH\AppData\Local\Pub\Cache\hosted\pub.dev\flutter_secure_storage_linux-1.2.3\
[   +1 ms] Found plugin flutter_inactive_timer at C:\Users\NAGA HARSHITH\AppData\Local\Pub\Cache\hosted\pub.dev\flutter_inactive_timer-1.1.3\
[   +3 ms] Found plugin device_info_plus at C:\Users\NAGA HARSHITH\AppData\Local\Pub\Cache\hosted\pub.dev\device_info_plus-10.1.2\
[   +3 ms] Found plugin camera_windows at C:\Users\NAGA HARSHITH\AppData\Local\Pub\Cache\hosted\pub.dev\camera_windows-0.2.6+4\
[   +3 ms] Found plugin camera at C:\Users\NAGA HARSHITH\AppData\Local\Pub\Cache\hosted\pub.dev\camera-0.11.4\
[        ] Found plugin flutter_plugin_android_lifecycle at C:\Users\NAGA HARSHITH\AppData\Local\Pub\Cache\hosted\pub.dev\flutter_plugin_android_lifecycle-2.0.33\
[   +1 ms] Found plugin camera_web at C:\Users\NAGA HARSHITH\AppData\Local\Pub\Cache\hosted\pub.dev\camera_web-0.3.5+3\
[        ] Found plugin camera_avfoundation at C:\Users\NAGA HARSHITH\AppData\Local\Pub\Cache\hosted\pub.dev\camera_avfoundation-0.9.23+2\
[        ] Found plugin camera_android_camerax at C:\Users\NAGA HARSHITH\AppData\Local\Pub\Cache\hosted\pub.dev\camera_android_camerax-0.6.30\
[   +7 ms] Skipping generating generated_plugin_registrant.h because it is up-to-date.
[   +3 ms] Skipping generating generated_plugin_registrant.cc because it is up-to-date.
[   +1 ms] Skipping generating generated_plugins.cmake because it is up-to-date.
[  +46 ms] executing: C:\Program Files (x86)\Microsoft Visual Studio\Installer\vswhere.exe -format json -products * -utf8 -latest -version 16 -requires Microsoft.VisualStudio.Workload.NativeDesktop Microsoft.VisualStudio.Component.VC.Tools.x86.x64 Microsoft.VisualStudio.Component.VC.CMake.Project
[  +78 ms] Exit code 0 from: C:\Program Files (x86)\Microsoft Visual Studio\Installer\vswhere.exe -format json -products * -utf8 -latest -version 16 -requires Microsoft.VisualStudio.Workload.NativeDesktop Microsoft.VisualStudio.Component.VC.Tools.x86.x64 Microsoft.VisualStudio.Component.VC.CMake.Project
[        ] [
             {
               "instanceId": "a0dcc260",
               "installDate": "2026-02-21T14:44:59Z",
               "installationName": "VisualStudio/18.3.1+11512.155",
               "installationPath": "C:\\Program Files\\Microsoft Visual Studio\\18\\Community",
               "installationVersion": "18.3.11512.155",
               "productId": "Microsoft.VisualStudio.Product.Community",
               "productPath": "C:\\Program Files\\Microsoft Visual Studio\\18\\Community\\Common7\\IDE\\devenv.exe",
               "state": 4294967295,
               "isComplete": true,
               "isLaunchable": true,
               "isPrerelease": false,
               "isRebootRequired": false,
               "displayName": "Visual Studio Community 2026",
               "description": "Everything you need to build modern apps ΓÇô free for you, built for impact.",
               "channelId": "VisualStudio.18.Release",
               "channelUri": "https://aka.ms/vs/18/stable/channel",
               "enginePath": "C:\\Program Files (x86)\\Microsoft Visual Studio\\Installer\\resources\\app\\ServiceHub\\Services\\Microsoft.VisualStudio.Setup.Service",
               "expirationDate": "2026-05-13T17:00:00+00:00",
               "installedChannelId": "VisualStudio.18.Release",
               "installedChannelUri": "https://aka.ms/vs/18/stable/channel",
               "releaseNotes": "https://docs.microsoft.com/en-us/visualstudio/releases/18/release-notes-v18.3#18.3.1",
               "resolvedInstallationPath": "C:\\Program Files\\Microsoft Visual Studio\\18\\Community",
               "retirementDate": "2026-08-11T17:00:00+00:00",
               "thirdPartyNotices": "https://go.microsoft.com/fwlink/?LinkId=661480",
               "updateDate": "2026-02-21T14:44:59.7860322Z",
               "catalog": {
                 "buildBranch": "d18.3",
                 "buildVersion": "18.3.11512.155",
                 "featureReleaseMonth": "02",
                 "featureReleaseYear": "2026",
                 "id": "VisualStudio/18.3.1+11512.155",
                 "includeBuildVersionInDisplayVersion": "False",
                 "localBuild": "build-lab",
                 "manifestName": "VisualStudio",
                 "manifestType": "installer",
                 "productDisplayVersion": "18.3.1",
                 "productLine": "Dev18",
                 "productLineVersion": "18",
                 "productMilestone": "RTW",
                 "productMilestoneIsPreRelease": "False",
                 "productName": "Visual Studio",
                 "productPatchVersion": "1",
                 "productPreReleaseMilestoneSuffix": "1.0",
                 "productRelease": "RTW",
                 "productSemanticVersion": "18.3.1+11512.155",
                 "requiredEngineVersion": "4.3.2029.11392"
               },
               "properties": {
                 "appLocalWPF": "true",
                 "campaignId": "2500:24fe8dc9fef14cafb4890ce473566420",
                 "channelManifestId": "VisualStudio.18.Release/18.3.1+11512.155",
                 "includeRecommended": "1",
                 "nickname": "",
                 "setupEngineFilePath": "C:\\Program Files (x86)\\Microsoft Visual Studio\\Installer\\setup.exe"
               }
             }
           ]
[   +4 ms] Building Windows application...
[   +4 ms] executing: C:\Program Files\Microsoft Visual Studio\18\Community\Common7\IDE\CommonExtensions\Microsoft\CMake\CMake\bin\cmake.exe -S C:\Users\NAGA HARSHITH\OneDrive\Desktop\flow\workflow-core\apps\windows_client\windows -B C:\Users\NAGA HARSHITH\OneDrive\Desktop\flow\workflow-core\apps\windows_client\build\windows\x64 -G Visual Studio 18 2026 -A x64 -DFLUTTER_TARGET_PLATFORM=windows-x64
[ +230 ms] -- Selecting Windows SDK version 10.0.26100.0 to target Windows 10.0.26200.
[  +32 ms] -- Configuring done (0.0s)
[  +96 ms] -- Generating done (0.1s)
[   +1 ms] -- Build files have been written to: C:/Users/NAGA HARSHITH/OneDrive/Desktop/flow/workflow-core/apps/windows_client/build/windows/x64
[  +11 ms] executing: C:\Program Files\Microsoft Visual Studio\18\Community\Common7\IDE\CommonExtensions\Microsoft\CMake\CMake\bin\cmake.exe --build C:\Users\NAGA HARSHITH\OneDrive\Desktop\flow\workflow-core\apps\windows_client\build\windows\x64 --config Release --target INSTALL --verbose
[ +246 ms] Change Dir: 'C:/Users/NAGA HARSHITH/OneDrive/Desktop/flow/workflow-core/apps/windows_client/build/windows/x64'
[        ] Run Build Command(s): "C:/Program Files/Microsoft Visual Studio/18/Community/MSBuild/Current/Bin/amd64/MSBuild.exe" INSTALL.vcxproj /p:Configuration=Release /p:Platform=x64 /p:VisualStudioVersion=18.0 /v:n
[ +126 ms] MSBuild version 18.3.0-release-26070-10+3972042b7 for .NET Framework
[  +88 ms] Build started 21-02-2026 21:56:50.
[ +170 ms] Project "C:\Users\NAGA HARSHITH\OneDrive\Desktop\flow\workflow-core\apps\windows_client\build\windows\x64\INSTALL.vcxproj" on node 1 (default targets).
[        ] Project "C:\Users\NAGA HARSHITH\OneDrive\Desktop\flow\workflow-core\apps\windows_client\build\windows\x64\INSTALL.vcxproj" (1) is building "C:\Users\NAGA HARSHITH\OneDrive\Desktop\flow\workflow-core\apps\windows_client\build\windows\x64\ZERO_CHECK.vcxproj" (2) on node 1 (default targets).
[        ] PrepareForBuild:
[        ]   Structured output is enabled. The formatting of compiler diagnostics will reflect the error hierarchy. See https://aka.ms/cpp/structured-output for more details.
[   +8 ms] InitializeBuildStatus:
[        ]   Creating "x64\Release\ZERO_CHECK\ZERO_CHECK.tlog\unsuccessfulbuild" because "AlwaysCreate" was specified.
[        ]   Touching "x64\Release\ZERO_CHECK\ZERO_CHECK.tlog\unsuccessfulbuild".
[  +14 ms] CustomBuild:
[        ]   All outputs are up-to-date.
[  +25 ms] FinalizeBuildStatus:
[        ]   Deleting file "x64\Release\ZERO_CHECK\ZERO_CHECK.tlog\unsuccessfulbuild".
[        ]   Touching "x64\Release\ZERO_CHECK\ZERO_CHECK.tlog\ZERO_CHECK.lastbuildstate".
[        ] Done Building Project "C:\Users\NAGA HARSHITH\OneDrive\Desktop\flow\workflow-core\apps\windows_client\build\windows\x64\ZERO_CHECK.vcxproj" (default targets).
[  +58 ms] Project "C:\Users\NAGA HARSHITH\OneDrive\Desktop\flow\workflow-core\apps\windows_client\build\windows\x64\INSTALL.vcxproj" (1) is building "C:\Users\NAGA HARSHITH\OneDrive\Desktop\flow\workflow-core\apps\windows_client\build\windows\x64\ALL_BUILD.vcxproj" (3) on node 1 (default targets).
[        ] Project "C:\Users\NAGA HARSHITH\OneDrive\Desktop\flow\workflow-core\apps\windows_client\build\windows\x64\ALL_BUILD.vcxproj" (3) is building "C:\Users\NAGA HARSHITH\OneDrive\Desktop\flow\workflow-core\apps\windows_client\build\windows\x64\plugins\camera_windows\camera_windows_plugin.vcxproj" (4) on node 1 (default targets).
[        ] Project "C:\Users\NAGA HARSHITH\OneDrive\Desktop\flow\workflow-core\apps\windows_client\build\windows\x64\plugins\camera_windows\camera_windows_plugin.vcxproj" (4) is building "C:\Users\NAGA HARSHITH\OneDrive\Desktop\flow\workflow-core\apps\windows_client\build\windows\x64\flutter\flutter_assemble.vcxproj" (5) on node 1 (default targets).
[        ] PrepareForBuild:
[        ]   Structured output is enabled. The formatting of compiler diagnostics will reflect the error hierarchy. See https://aka.ms/cpp/structured-output for more details.
[   +6 ms] InitializeBuildStatus:
[        ]   Touching "x64\Release\flutter_assemble\flutter_assemble.tlog\unsuccessfulbuild".
[   +4 ms] CustomBuild:
[        ]   "The build of 'C:\Users\NAGA HARSHITH\OneDrive\Desktop\flow\workflow-core\apps\windows_client\build\windows\x64\CMakeFiles\e051d676e619842d03a4f257ca4ea8b7\flutter_assemble.rule' depends on 'C:\USERS\NAGA HARSHITH\ONEDRIVE\DESKTOP\FLOW\WORKFLOW-CORE\APPS\WINDOWS_CLIENT\WINDOWS\FLUTTER\EPHEMERAL\FLUTTER_WINDOWS.DLL' which is produced by the build of 'C:\Users\NAGA HARSHITH\OneDrive\Desktop\flow\workflow-core\apps\windows_client\build\windows\x64\CMakeFiles\d5abf9b127ac01dbb606cf6aa8b1343e\flutter_windows.dll.rule'. The items cannot be built in parallel."
[  +97 ms]   Generating C:/Users/NAGA HARSHITH/OneDrive/Desktop/flow/workflow-core/apps/windows_client/windows/flutter/ephemeral/flutter_windows.dll, C:/Users/NAGA HARSHITH/OneDrive/Desktop/flow/workflow-core/apps/windows_client/windows/flutter/ephemeral/flutter_export.h, C:/Users/NAGA HARSHITH/OneDrive/Desktop/flow/workflow-core/apps/windows_client/windows/flutter/ephemeral/flutter_windows.h, C:/Users/NAGA HARSHITH/OneDrive/Desktop/flow/workflow-core/apps/windows_client/windows/flutter/ephemeral/flutter_messenger.h, C:/Users/NAGA HARSHITH/OneDrive/Desktop/flow/workflow-core/apps/windows_client/windows/flutter/ephemeral/flutter_plugin_registrar.h, C:/Users/NAGA HARSHITH/OneDrive/Desktop/flow/workflow-core/apps/windows_client/windows/flutter/ephemeral/flutter_texture_registrar.h, C:/Users/NAGA HARSHITH/OneDrive/Desktop/flow/workflow-core/apps/windows_client/windows/flutter/ephemeral/cpp_client_wrapper/core_implementations.cc, C:/Users/NAGA HARSHITH/OneDrive/Desktop/flow/workflow-core/apps/windows_client/windows/flutter/ephemeral/cpp_client_wrapper/standard_codec.cc, C:/Users/NAGA HARSHITH/OneDrive/Desktop/flow/workflow-core/apps/windows_client/windows/flutter/ephemeral/cpp_client_wrapper/plugin_registrar.cc, C:/Users/NAGA HARSHITH/OneDrive/Desktop/flow/workflow-core/apps/windows_client/windows/flutter/ephemeral/cpp_client_wrapper/flutter_engine.cc, C:/Users/NAGA HARSHITH/OneDrive/Desktop/flow/workflow-core/apps/windows_client/windows/flutter/ephemeral/cpp_client_wrapper/flutter_view_controller.cc, _phony_
[+2664 ms]   [ +525 ms] Unable to locate an Android SDK.
[   +3 ms]   [  +10 ms] Artifact Instance of 'MaterialFonts' is not required, skipping update.
[        ]   [        ] Artifact Instance of 'GradleWrapper' is not required, skipping update.
[        ]   [        ] Artifact Instance of 'AndroidGenSnapshotArtifacts' is not required, skipping update.
[        ]   [        ] Artifact Instance of 'AndroidInternalBuildArtifacts' is not required, skipping update.
[        ]   [        ] Artifact Instance of 'IOSEngineArtifacts' is not required, skipping update.
[        ]   [        ] Artifact Instance of 'FlutterWebSdk' is not required, skipping update.
[        ]   [        ] Artifact Instance of 'LegacyCanvasKitRemover' is not required, skipping update.
[        ]   [        ] Artifact Instance of 'FlutterSdk' is not required, skipping update.
[        ]   [        ] Artifact Instance of 'WindowsEngineArtifacts' is not required, skipping update.
[        ]   [        ] Artifact Instance of 'MacOSEngineArtifacts' is not required, skipping update.
[        ]   [        ] Artifact Instance of 'LinuxEngineArtifacts' is not required, skipping update.
[        ]   [        ] Artifact Instance of 'LinuxFuchsiaSDKArtifacts' is not required, skipping update.
[        ]   [        ] Artifact Instance of 'MacOSFuchsiaSDKArtifacts' is not required, skipping update.
[        ]   [        ] Artifact Instance of 'FlutterRunnerSDKArtifacts' is not required, skipping update.
[        ]   [        ] Artifact Instance of 'FlutterRunnerDebugSymbols' is not required, skipping update.
[        ]   [        ] Artifact Instance of 'IosUsbArtifacts' is not required, skipping update.
[        ]   [        ] Artifact Instance of 'IosUsbArtifacts' is not required, skipping update.
[        ]   [        ] Artifact Instance of 'IosUsbArtifacts' is not required, skipping update.
[        ]   [        ] Artifact Instance of 'IosUsbArtifacts' is not required, skipping update.
[        ]   [        ] Artifact Instance of 'IosUsbArtifacts' is not required, skipping update.
[        ]   [        ] Artifact Instance of 'IosUsbArtifacts' is not required, skipping update.
[        ]   [        ] Artifact Instance of 'FontSubsetArtifacts' is not required, skipping update.
[        ]   [        ] Artifact Instance of 'PubDependencies' is not required, skipping update.
[   +8 ms]   [   +8 ms] Artifact Instance of 'AndroidGenSnapshotArtifacts' is not required, skipping update.
[        ]   [        ] Artifact Instance of 'AndroidInternalBuildArtifacts' is not required, skipping update.
[        ]   [        ] Artifact Instance of 'IOSEngineArtifacts' is not required, skipping update.
[        ]   [        ] Artifact Instance of 'FlutterWebSdk' is not required, skipping update.
[        ]   [        ] Artifact Instance of 'FlutterEngineStamp' is not required, skipping update.
[        ]   [        ] Artifact Instance of 'LegacyCanvasKitRemover' is not required, skipping update.
[   +1 ms]   [   +1 ms] Artifact Instance of 'WindowsEngineArtifacts' is not required, skipping update.
[        ]   [        ] Artifact Instance of 'MacOSEngineArtifacts' is not required, skipping update.
[        ]   [        ] Artifact Instance of 'LinuxEngineArtifacts' is not required, skipping update.
[        ]   [        ] Artifact Instance of 'LinuxFuchsiaSDKArtifacts' is not required, skipping update.
[        ]   [        ] Artifact Instance of 'MacOSFuchsiaSDKArtifacts' is not required, skipping update.
[        ]   [        ] Artifact Instance of 'FlutterRunnerSDKArtifacts' is not required, skipping update.
[        ]   [        ] Artifact Instance of 'FlutterRunnerDebugSymbols' is not required, skipping update.
[  +43 ms]   [  +43 ms] Artifact Instance of 'MaterialFonts' is not required, skipping update.
[        ]   [        ] Artifact Instance of 'GradleWrapper' is not required, skipping update.
[        ]   [        ] Artifact Instance of 'AndroidGenSnapshotArtifacts' is not required, skipping update.
[        ]   [        ] Artifact Instance of 'AndroidInternalBuildArtifacts' is not required, skipping update.
[        ]   [        ] Artifact Instance of 'IOSEngineArtifacts' is not required, skipping update.
[        ]   [        ] Artifact Instance of 'FlutterWebSdk' is not required, skipping update.
[        ]   [        ] Artifact Instance of 'FlutterEngineStamp' is not required, skipping update.
[        ]   [        ] Artifact Instance of 'LegacyCanvasKitRemover' is not required, skipping update.
[        ]   [        ] Artifact Instance of 'FlutterSdk' is not required, skipping update.
[   +1 ms]   [   +1 ms] Artifact Instance of 'MacOSEngineArtifacts' is not required, skipping update.
[        ]   [        ] Artifact Instance of 'LinuxEngineArtifacts' is not required, skipping update.
[        ]   [        ] Artifact Instance of 'LinuxFuchsiaSDKArtifacts' is not required, skipping update.
[        ]   [        ] Artifact Instance of 'MacOSFuchsiaSDKArtifacts' is not required, skipping update.
[        ]   [        ] Artifact Instance of 'FlutterRunnerSDKArtifacts' is not required, skipping update.
[        ]   [        ] Artifact Instance of 'FlutterRunnerDebugSymbols' is not required, skipping update.
[        ]   [        ] Artifact Instance of 'IosUsbArtifacts' is not required, skipping update.
[        ]   [        ] Artifact Instance of 'IosUsbArtifacts' is not required, skipping update.
[        ]   [        ] Artifact Instance of 'IosUsbArtifacts' is not required, skipping update.
[        ]   [        ] Artifact Instance of 'IosUsbArtifacts' is not required, skipping update.
[        ]   [        ] Artifact Instance of 'IosUsbArtifacts' is not required, skipping update.
[        ]   [        ] Artifact Instance of 'IosUsbArtifacts' is not required, skipping update.
[        ]   [        ] Artifact Instance of 'FontSubsetArtifacts' is not required, skipping update.
[        ]   [        ] Artifact Instance of 'PubDependencies' is not required, skipping update.
[  +25 ms]   [  +25 ms] Initializing file store
[  +15 ms]   [  +15 ms] Done initializing file store
[  +70 ms]   [  +70 ms] Skipping target: gen_dart_plugin_registrant
[+2209 ms]   [+2209 ms] Skipping target: unpack_windows
[   +1 ms]   [   +1 ms] dart_build: Starting due to {}
[   +1 ms]   [   +1 ms] Skipping target: gen_localizations
[ +587 ms]   [ +587 ms] Skipping target: kernel_snapshot_program
[  +33 ms]   [  +33 ms] Skipping target: aot_elf_release
[  +30 ms]   [  +30 ms] Skipping target: windows_aot_bundle
[  +65 ms]   [  +65 ms] executing: C:\Program Files (x86)\Microsoft Visual Studio\Installer\vswhere.exe -format json -products * -utf8 -latest -version 16 -requires Microsoft.VisualStudio.Workload.NativeDesktop Microsoft.VisualStudio.Component.VC.Tools.x86.x64 Microsoft.VisualStudio.Component.VC.CMake.Project
[  +77 ms]   [  +76 ms] Exit code 0 from: C:\Program Files (x86)\Microsoft Visual Studio\Installer\vswhere.exe -format json -products * -utf8 -latest -version 16 -requires Microsoft.VisualStudio.Workload.NativeDesktop Microsoft.VisualStudio.Component.VC.Tools.x86.x64 Microsoft.VisualStudio.Component.VC.CMake.Project
[   +1 ms]   [        ] [
[        ]                {
[        ]                  "instanceId": "a0dcc260",
[        ]                  "installDate": "2026-02-21T14:44:59Z",
[        ]                  "installationName": "VisualStudio/18.3.1+11512.155",
[        ]                  "installationPath": "C:\\Program Files\\Microsoft Visual Studio\\18\\Community",
[        ]                  "installationVersion": "18.3.11512.155",
[        ]                  "productId": "Microsoft.VisualStudio.Product.Community",
[        ]                  "productPath": "C:\\Program Files\\Microsoft Visual Studio\\18\\Community\\Common7\\IDE\\devenv.exe",
[        ]                  "state": 4294967295,
[        ]                  "isComplete": true,
[        ]                  "isLaunchable": true,
[        ]                  "isPrerelease": false,
[        ]                  "isRebootRequired": false,
[        ]                  "displayName": "Visual Studio Community 2026",
[   +1 ms]                  "description": "Everything you need to build modern apps ΓÇô free for you, built for impact.",
[        ]                  "channelId": "VisualStudio.18.Release",
[        ]                  "channelUri": "https://aka.ms/vs/18/stable/channel",
[        ]                  "enginePath": "C:\\Program Files (x86)\\Microsoft Visual Studio\\Installer\\resources\\app\\ServiceHub\\Services\\Microsoft.VisualStudio.Setup.Service",
[        ]                  "expirationDate": "2026-05-13T17:00:00+00:00",
[        ]                  "installedChannelId": "VisualStudio.18.Release",
[        ]                  "installedChannelUri": "https://aka.ms/vs/18/stable/channel",
[        ]                  "releaseNotes": "https://docs.microsoft.com/en-us/visualstudio/releases/18/release-notes-v18.3#18.3.1",
[        ]                  "resolvedInstallationPath": "C:\\Program Files\\Microsoft Visual Studio\\18\\Community",
[        ]                  "retirementDate": "2026-08-11T17:00:00+00:00",
[        ]                  "thirdPartyNotices": "https://go.microsoft.com/fwlink/?LinkId=661480",
[        ]                  "updateDate": "2026-02-21T14:44:59.7860322Z",
[        ]                  "catalog": {
[        ]                    "buildBranch": "d18.3",
[        ]                    "buildVersion": "18.3.11512.155",
[        ]                    "featureReleaseMonth": "02",
[        ]                    "featureReleaseYear": "2026",
[        ]                    "id": "VisualStudio/18.3.1+11512.155",
[        ]                    "includeBuildVersionInDisplayVersion": "False",
[        ]                    "localBuild": "build-lab",
[        ]                    "manifestName": "VisualStudio",
[        ]                    "manifestType": "installer",
[        ]                    "productDisplayVersion": "18.3.1",
[        ]                    "productLine": "Dev18",
[        ]                    "productLineVersion": "18",
[        ]                    "productMilestone": "RTW",
[        ]                    "productMilestoneIsPreRelease": "False",
[        ]                    "productName": "Visual Studio",
[        ]                    "productPatchVersion": "1",
[        ]                    "productPreReleaseMilestoneSuffix": "1.0",
[        ]                    "productRelease": "RTW",
[        ]                    "productSemanticVersion": "18.3.1+11512.155",
[        ]                    "requiredEngineVersion": "4.3.2029.11392"
[        ]                  },
[        ]                  "properties": {
[        ]                    "appLocalWPF": "true",
[        ]                    "campaignId": "2500:24fe8dc9fef14cafb4890ce473566420",
[        ]                    "channelManifestId": "VisualStudio.18.Release/18.3.1+11512.155",
[        ]                    "includeRecommended": "1",
[        ]                    "nickname": "",
[        ]                    "setupEngineFilePath": "C:\\Program Files (x86)\\Microsoft Visual Studio\\Installer\\setup.exe"
[        ]                  }
[        ]                }
[        ]              ]
[        ]   [   +5 ms] Building native assets for windows_x64.
[  +50 ms]   [  +52 ms] Running `C:\Users\NAGA HARSHITH\Downloads\flutter_windows_3.41.2-stable\flutter\bin\cache\dart-sdk\bin\dart compile kernel '--packages=C:\Users\NAGA HARSHITH\OneDrive\Desktop\flow\workflow-core\apps\windows_client\.dart_tool\package_config.json' '--output=C:\Users\NAGA HARSHITH\OneDrive\Desktop\flow\workflow-core\apps\windows_client\.dart_tool\hooks_runner\objective_c\c184d75f18\hook.dill' '--depfile=C:\Users\NAGA HARSHITH\OneDrive\Desktop\flow\workflow-core\apps\windows_client\.dart_tool\hooks_runner\objective_c\c184d75f18\hook.dill.d' 'C:\Users\NAGA HARSHITH\AppData\Local\Pub\Cache\hosted\pub.dev\objective_c-9.3.0\hook\build.dart'`.
[  +55 ms]   [  +55 ms] 'C:\Users\NAGA' is not recognized as an internal or external command,
[        ]              operable program or batch file.
[   +3 ms]   [   +4 ms] Building native assets for package:objective_c failed.
[        ]              Compilation of hook returned with exit code: 1.
[        ]              To reproduce run:
[        ]              C:\Users\NAGA HARSHITH\Downloads\flutter_windows_3.41.2-stable\flutter\bin\cache\dart-sdk\bin\dart compile kernel '--packages=C:\Users\NAGA HARSHITH\OneDrive\Desktop\flow\workflow-core\apps\windows_client\.dart_tool\package_config.json' '--output=C:\Users\NAGA HARSHITH\OneDrive\Desktop\flow\workflow-core\apps\windows_client\.dart_tool\hooks_runner\objective_c\c184d75f18\hook.dill' '--depfile=C:\Users\NAGA HARSHITH\OneDrive\Desktop\flow\workflow-core\apps\windows_client\.dart_tool\hooks_runner\objective_c\c184d75f18\hook.dill.d' 'C:\Users\NAGA HARSHITH\AppData\Local\Pub\Cache\hosted\pub.dev\objective_c-9.3.0\hook\build.dart'
[        ]              stderr:
[        ]              'C:\Users\NAGA' is not recognized as an internal or external command,
[        ]              operable program or batch file.
[        ]              stdout:
[   +1 ms]   [   +2 ms] Persisting file store
[  +13 ms]   [  +13 ms] Done persisting file store
flutter : [  +26 ms] [  +20 
ms] Target dart_build 
failed : error : Building 
native assets failed. See 
the logs for more details. 
[C:\Users\NAGA HARSHITH\OneD
rive\Desktop\flow\workflow-c
ore\apps\windows_client\buil
d\windows\x64\flutter\flutte
r_assemble.vcxproj]
At line:1 char:1
+ flutter build windows -v 
> build_log.txt 2>&1
+ ~~~~~~~~~~~~~~~~~~~~~~~~~~
~~~~~~~~~~~~~~~~~~~
    + CategoryInfo          
    : NotSpecified: ([  +2  
  6 ms] [  +...semble.vcx   
 proj]:String) [], Remot    
eException
    + FullyQualifiedErrorId 
    : NativeCommandError
 
[   +1 ms]              #0      throwToolExit (package:flutter_tools/src/base/common.dart:34:3)
[        ]              #1      _throwNativeAssetsBuildFailed (package:flutter_tools/src/isolated/native_assets/native_assets.dart:654:3)
[        ]              #2      _build (package:flutter_tools/src/isolated/native_assets/native_assets.dart:612:5)
[        ]              <asynchronous suspension>
[        ]              #3      _runDartHooks (package:flutter_tools/src/isolated/native_assets/native_assets.dart:534:37)
[        ]              <asynchronous suspension>
[        ]              #4      DartBuild.build (package:flutter_tools/src/build_system/targets/native_assets.dart:76:14)
[        ]              <asynchronous suspension>
[        ]              #5      _BuildInstance._invokeInternal (package:flutter_tools/src/build_system/build_system.dart:937:9)
[        ]              <asynchronous suspension>
[        ]              #6      Future.wait.<anonymous closure> (dart:async/future.dart:546:21)
[        ]              <asynchronous suspension>
[        ]              #7      _BuildInstance.invokeTarget (package:flutter_tools/src/build_system/build_system.dart:875:32)
[        ]              <asynchronous suspension>
[        ]              #8      Future.wait.<anonymous closure> (dart:async/future.dart:546:21)
[        ]              <asynchronous suspension>
[        ]   [   +6 ms] "flutter assemble" took 3,328ms.
[        ]              #9      _BuildInstance.invokeTarget (package:flutter_tools/src/build_system/build_system.dart:875:32)
[        ]              <asynchronous suspension>
[        ]              #10     FlutterBuildSystem.build (package:flutter_tools/src/build_system/build_system.dart:684:16)
[        ]              <asynchronous suspension>
[        ]              #11     AssembleCommand.runCommand (package:flutter_tools/src/commands/assemble.dart:365:32)
[        ]              <asynchronous suspension>
[        ]              #12     FlutterCommand.run.<anonymous closure> (package:flutter_tools/src/runner/flutter_command.dart:1590:27)
[        ]              <asynchronous suspension>
[        ]              #13     AppContext.run.<anonymous closure> (package:flutter_tools/src/base/context.dart:154:19)
[        ]              <asynchronous suspension>
[        ]              #14     CommandRunner.runCommand (package:args/command_runner.dart:212:13)
[        ]              <asynchronous suspension>
[        ]              #15     FlutterCommandRunner.runCommand.<anonymous closure> (package:flutter_tools/src/runner/flutter_command_runner.dart:496:9)
[        ]              <asynchronous suspension>
[        ]              #16     AppContext.run.<anonymous closure> (package:flutter_tools/src/base/context.dart:154:19)
[        ]              <asynchronous suspension>
[        ]              #17     FlutterCommandRunner.runCommand (package:flutter_tools/src/runner/flutter_command_runner.dart:431:5)
[        ]              <asynchronous suspension>
[        ]              #18     FlutterCommandRunner.run.<anonymous closure> (package:flutter_tools/src/runner/flutter_command_runner.dart:307:33)
[        ]              <asynchronous suspension>
[        ]              #19     run.<anonymous closure>.<anonymous closure> (package:flutter_tools/runner.dart:104:11)
[        ]              <asynchronous suspension>
[        ]              #20     AppContext.run.<anonymous closure> (package:flutter_tools/src/base/context.dart:154:19)
[        ]              <asynchronous suspension>
[        ]              #21     main (package:flutter_tools/executable.dart:103:3)
[        ]              <asynchronous suspension>
[  +71 ms]   [  +76 ms] 
[        ]              #0      throwToolExit (package:flutter_tools/src/base/common.dart:34:3)
[        ]              #1      AssembleCommand.runCommand (package:flutter_tools/src/commands/assemble.dart:383:7)
[        ]              <asynchronous suspension>
[        ]              #2      FlutterCommand.run.<anonymous closure> (package:flutter_tools/src/runner/flutter_command.dart:1590:27)
[        ]              <asynchronous suspension>
[        ]              #3      AppContext.run.<anonymous closure> (package:flutter_tools/src/base/context.dart:154:19)
[        ]              <asynchronous suspension>
[        ]              #4      CommandRunner.runCommand (package:args/command_runner.dart:212:13)
[        ]              <asynchronous suspension>
[        ]              #5      FlutterCommandRunner.runCommand.<anonymous closure> (package:flutter_tools/src/runner/flutter_command_runner.dart:496:9)
[        ]              <asynchronous suspension>
[        ]              #6      AppContext.run.<anonymous closure> (package:flutter_tools/src/base/context.dart:154:19)
[        ]              <asynchronous suspension>
[        ]   [        ] Running 1 shutdown hook
[        ]              #7      FlutterCommandRunner.runCommand (package:flutter_tools/src/runner/flutter_command_runner.dart:431:5)
[        ]              <asynchronous suspension>
[        ]              #8      FlutterCommandRunner.run.<anonymous closure> (package:flutter_tools/src/runner/flutter_command_runner.dart:307:33)
[        ]              <asynchronous suspension>
[        ]              #9      run.<anonymous closure>.<anonymous closure> (package:flutter_tools/runner.dart:104:11)
[        ]              <asynchronous suspension>
[        ]              #10     AppContext.run.<anonymous closure> (package:flutter_tools/src/base/context.dart:154:19)
[        ]              <asynchronous suspension>
[        ]              #11     main (package:flutter_tools/executable.dart:103:3)
[        ]              <asynchronous suspension>
[        ]   [        ] Shutdown hooks complete
[ +130 ms]   [ +131 ms] exiting with code 1
[  +60 ms] C:\Program 
Files\Microsoft Visual Studi
o\18\Community\MSBuild\Micro
soft\VC\v180\Microsoft.CppCo
mmon.targets(254,5): error 
MSB8066: Custom build for 
'C:\Users\NAGA HARSHITH\OneD
rive\Desktop\flow\workflow-c
ore\apps\windows_client\buil
d\windows\x64\CMakeFiles\d5a
bf9b127ac01dbb606cf6aa8b1343
e\flutter_windows.dll.rule;C
:\Users\NAGA HARSHITH\OneDri
ve\Desktop\flow\workflow-cor
e\apps\windows_client\build\
windows\x64\CMakeFiles\e051d
676e619842d03a4f257ca4ea8b7\
flutter_assemble.rule' 
exited with code 1. 
[C:\Users\NAGA HARSHITH\OneD
rive\Desktop\flow\workflow-c
ore\apps\windows_client\buil
d\windows\x64\flutter\flutte
r_assemble.vcxproj]
[   +4 ms] Done Building Project "C:\Users\NAGA HARSHITH\OneDrive\Desktop\flow\workflow-core\apps\windows_client\build\windows\x64\flutter\flutter_assemble.vcxproj" (default targets) -- FAILED.
[        ] Done Building Project "C:\Users\NAGA HARSHITH\OneDrive\Desktop\flow\workflow-core\apps\windows_client\build\windows\x64\plugins\camera_windows\camera_windows_plugin.vcxproj" (default targets) -- FAILED.
[ +118 ms] Done Building Project "C:\Users\NAGA HARSHITH\OneDrive\Desktop\flow\workflow-core\apps\windows_client\build\windows\x64\ALL_BUILD.vcxproj" (default targets) -- FAILED.
[        ] Done Building Project "C:\Users\NAGA HARSHITH\OneDrive\Desktop\flow\workflow-core\apps\windows_client\build\windows\x64\INSTALL.vcxproj" (default targets) -- FAILED.
[   +1 ms] Build FAILED.
[        ] "C:\Users\NAGA HARSHITH\OneDrive\Desktop\flow\workflow-core\apps\windows_client\build\windows\x64\INSTALL.vcxproj" (default target) (1) ->
[        ] "C:\Users\NAGA HARSHITH\OneDrive\Desktop\flow\workflow-core\apps\windows_client\build\windows\x64\ALL_BUILD.vcxproj" (default target) (3) ->
[        ] "C:\Users\NAGA HARSHITH\OneDrive\Desktop\flow\workflow-core\apps\windows_client\build\windows\x64\plugins\camera_windows\camera_windows_plugin.vcxproj" (default target) (4) ->
[        ] "C:\Users\NAGA HARSHITH\OneDrive\Desktop\flow\workflow-core\apps\windows_client\build\windows\x64\flutter\flutter_assemble.vcxproj" (default target) (5) ->
[        ] (CustomBuild target) -> 
[        ]   [  +20 ms] 
Target dart_build failed : 
error : Building native 
assets failed. See the logs 
for more details. 
[C:\Users\NAGA HARSHITH\OneD
rive\Desktop\flow\workflow-c
ore\apps\windows_client\buil
d\windows\x64\flutter\flutte
r_assemble.vcxproj]
[        ]   C:\Program 
Files\Microsoft Visual Studi
o\18\Community\MSBuild\Micro
soft\VC\v180\Microsoft.CppCo
mmon.targets(254,5): error 
MSB8066: Custom build for 
'C:\Users\NAGA HARSHITH\OneD
rive\Desktop\flow\workflow-c
ore\apps\windows_client\buil
d\windows\x64\CMakeFiles\d5a
bf9b127ac01dbb606cf6aa8b1343
e\flutter_windows.dll.rule;C
:\Users\NAGA HARSHITH\OneDri
ve\Desktop\flow\workflow-cor
e\apps\windows_client\build\
windows\x64\CMakeFiles\e051d
676e619842d03a4f257ca4ea8b7\
flutter_assemble.rule' 
exited with code 1. 
[C:\Users\NAGA HARSHITH\OneD
rive\Desktop\flow\workflow-c
ore\apps\windows_client\buil
d\windows\x64\flutter\flutte
r_assemble.vcxproj]
[        ]     0 Warning(s)
[        ]     2 Error(s)
[        ] Time Elapsed 00:00:06.78
[  +23 ms] Building Windows application... (completed in 7.7s)
[        ] "flutter windows" took 8,468ms.
[  +89 ms] Build process 
failed.
[        ] 
           #0      
throwToolExit (package:flutt
er_tools/src/base/common.dar
t:34:3)
           #1      
_runBuild (package:flutter_t
ools/src/windows/build_windo
ws.dart:262:5)
           <asynchronous 
suspension>
           #2      
buildWindows (package:flutte
r_tools/src/windows/build_wi
ndows.dart:118:5)
           <asynchronous 
suspension>
           #3      BuildWind
owsCommand.runCommand (packa
ge:flutter_tools/src/command
s/build_windows.dart:72:5)
           <asynchronous 
suspension>
           #4      FlutterCo
mmand.run.<anonymous 
closure> (package:flutter_to
ols/src/runner/flutter_comma
nd.dart:1590:27)
           <asynchronous 
suspension>
           #5      
AppContext.run.<anonymous 
closure> (package:flutter_to
ols/src/base/context.dart:15
4:19)
           <asynchronous 
suspension>
           #6      
CommandRunner.runCommand (pa
ckage:args/command_runner.da
rt:212:13)
           <asynchronous 
suspension>
           #7      FlutterCo
mmandRunner.runCommand.<anon
ymous closure> (package:flut
ter_tools/src/runner/flutter
_command_runner.dart:496:9)
           <asynchronous 
suspension>
           #8      
AppContext.run.<anonymous 
closure> (package:flutter_to
ols/src/base/context.dart:15
4:19)
           <asynchronous 
suspension>
           #9      FlutterCo
mmandRunner.runCommand (pack
age:flutter_tools/src/runner
/flutter_command_runner.dart
:431:5)
           <asynchronous 
suspension>
           #10     FlutterCo
mmandRunner.run.<anonymous 
closure> (package:flutter_to
ols/src/runner/flutter_comma
nd_runner.dart:307:33)
           <asynchronous 
suspension>
           #11     
run.<anonymous 
closure>.<anonymous 
closure> (package:flutter_to
ols/runner.dart:104:11)
           <asynchronous 
suspension>
           #12     
AppContext.run.<anonymous 
closure> (package:flutter_to
ols/src/base/context.dart:15
4:19)
           <asynchronous 
suspension>
           #13     main (pac
kage:flutter_tools/executabl
e.dart:103:3)
           <asynchronous 
suspension>


[        ] Running 1 shutdown hook
[   +1 ms] Shutdown hooks complete
[ +125 ms] exiting with code 1
